Build started 5/3/2017 4:24:07 PM.
     1>Project "D:\Users\monst\Desktop\PointCloud-PerspectiveImage-Misalignment\PointCloudProcessor\PointCloudProcessor\PointCloudProcessor.vcxproj" on node 2 (Build target(s)).
     1>InitializeBuildStatus:
         Creating "x64\Release\PointClo.61039DB1.tlog\unsuccessfulbuild" because "AlwaysCreate" was specified.
       AddCudaCompileDeps:
         C:\Program Files (x86)\Microsoft Visual Studio 14.0\VC\bin\x86_amd64\cl.exe /E /nologo /showIncludes /TP /D__CUDACC__ /DNDEBUG /D_CONSOLE /D_UNICODE /DUNICODE /I"C:\Program Files\NVIDIA GPU Computing Toolkit\CUDA\v8.0\include" /I"C:\Program Files\NVIDIA GPU Computing Toolkit\CUDA\v8.0\bin" /I"C:\Program Files\NVIDIA GPU Computing Toolkit\CUDA\v8.0\include" /I. /FIcuda_runtime.h /c D:\Users\monst\Desktop\PointCloud-PerspectiveImage-Misalignment\PointCloudProcessor\PointCloudProcessor\PointCloudTransformer.cu 
       AddCudaCompilePropsDeps:
       Skipping target "AddCudaCompilePropsDeps" because all output files are up-to-date with respect to the input files.
     1>Project "D:\Users\monst\Desktop\PointCloud-PerspectiveImage-Misalignment\PointCloudProcessor\PointCloudProcessor\PointCloudProcessor.vcxproj" (1) is building "D:\Users\monst\Desktop\PointCloud-PerspectiveImage-Misalignment\PointCloudProcessor\PointCloudProcessor\PointCloudProcessor.vcxproj" (1:2) on node 2 (CudaBuildCore target(s)).
     1>CudaBuildCore:
         Compiling CUDA source file PointCloudTransformer.cu...
         cmd.exe /C "C:\Users\monst\AppData\Local\Temp\tmp101472ad2f314348b0316d76177d3848.cmd"
         "C:\Program Files\NVIDIA GPU Computing Toolkit\CUDA\v8.0\bin\nvcc.exe" -gencode=arch=compute_20,code=\"sm_20,compute_20\" --use-local-env --cl-version 2015 -ccbin "C:\Program Files (x86)\Microsoft Visual Studio 14.0\VC\bin\x86_amd64"  -I"C:\Program Files\NVIDIA GPU Computing Toolkit\CUDA\v8.0\include" -I"C:\Program Files\NVIDIA GPU Computing Toolkit\CUDA\v8.0\include"     --keep-dir x64\Release -maxrregcount=0  --machine 64 --compile -cudart static     -DNDEBUG -D_CONSOLE -D_UNICODE -DUNICODE -Xcompiler "/EHsc /W3 /nologo /O2 /FS /Zi  /MD " -o x64\Release\PointCloudTransformer.cu.obj "D:\Users\monst\Desktop\PointCloud-PerspectiveImage-Misalignment\PointCloudProcessor\PointCloudProcessor\PointCloudTransformer.cu"
         
         D:\Users\monst\Desktop\PointCloud-PerspectiveImage-Misalignment\PointCloudProcessor\PointCloudProcessor>"C:\Program Files\NVIDIA GPU Computing Toolkit\CUDA\v8.0\bin\nvcc.exe" -gencode=arch=compute_20,code=\"sm_20,compute_20\" --use-local-env --cl-version 2015 -ccbin "C:\Program Files (x86)\Microsoft Visual Studio 14.0\VC\bin\x86_amd64"  -I"C:\Program Files\NVIDIA GPU Computing Toolkit\CUDA\v8.0\include" -I"C:\Program Files\NVIDIA GPU Computing Toolkit\CUDA\v8.0\include"     --keep-dir x64\Release -maxrregcount=0  --machine 64 --compile -cudart static     -DNDEBUG -D_CONSOLE -D_UNICODE -DUNICODE -Xcompiler "/EHsc /W3 /nologo /O2 /FS /Zi  /MD " -o x64\Release\PointCloudTransformer.cu.obj "D:\Users\monst\Desktop\PointCloud-PerspectiveImage-Misalignment\PointCloudProcessor\PointCloudProcessor\PointCloudTransformer.cu" 
     1>CUDACOMPILE : nvcc warning : The 'compute_20', 'sm_20', and 'sm_21' architectures are deprecated, and may be removed in a future release (Use -Wno-deprecated-gpu-targets to suppress warning).
         PointCloudTransformer.cu
     1>Done Building Project "D:\Users\monst\Desktop\PointCloud-PerspectiveImage-Misalignment\PointCloudProcessor\PointCloudProcessor\PointCloudProcessor.vcxproj" (CudaBuildCore target(s)).
     1>ClCompile:
         All outputs are up-to-date.
       Link:
         C:\Program Files (x86)\Microsoft Visual Studio 14.0\VC\bin\x86_amd64\link.exe /ERRORREPORT:PROMPT /OUT:"D:\Users\monst\Desktop\PointCloud-PerspectiveImage-Misalignment\PointCloudProcessor\x64\Release\PointCloudProcessor.exe" /INCREMENTAL:NO /NOLOGO /LIBPATH:"C:\Program Files\NVIDIA GPU Computing Toolkit\CUDA\v8.0\lib\x64" cudart.lib cublas.lib kernel32.lib user32.lib gdi32.lib winspool.lib comdlg32.lib advapi32.lib shell32.lib ole32.lib oleaut32.lib uuid.lib odbc32.lib odbccp32.lib /MANIFEST /MANIFESTUAC:"level='asInvoker' uiAccess='false'" /manifest:embed /DEBUG /PDB:"D:\Users\monst\Desktop\PointCloud-PerspectiveImage-Misalignment\PointCloudProcessor\x64\Release\PointCloudProcessor.pdb" /SUBSYSTEM:CONSOLE /OPT:REF /OPT:ICF /LTCG:incremental /TLBID:1 /DYNAMICBASE /NXCOMPAT /IMPLIB:"D:\Users\monst\Desktop\PointCloud-PerspectiveImage-Misalignment\PointCloudProcessor\x64\Release\PointCloudProcessor.lib" /MACHINE:X64 x64\Release\PointCloudTransformer.cu.obj
         x64\Release\main.obj
         x64\Release\PointCloudTransformer.obj
         Generating code
         5 of 277 functions ( 1.8%) were compiled, the rest were copied from previous compilation.
           0 functions were new in current compilation
           14 functions had inline decision re-evaluated but remain unchanged
         Finished generating code
         PointCloudProcessor.vcxproj -> D:\Users\monst\Desktop\PointCloud-PerspectiveImage-Misalignment\PointCloudProcessor\x64\Release\PointCloudProcessor.exe
         PointCloudProcessor.vcxproj -> D:\Users\monst\Desktop\PointCloud-PerspectiveImage-Misalignment\PointCloudProcessor\x64\Release\PointCloudProcessor.pdb (Full PDB)
       FinalizeBuildStatus:
         Deleting file "x64\Release\PointClo.61039DB1.tlog\unsuccessfulbuild".
         Touching "x64\Release\PointClo.61039DB1.tlog\PointCloudProcessor.lastbuildstate".
     1>Done Building Project "D:\Users\monst\Desktop\PointCloud-PerspectiveImage-Misalignment\PointCloudProcessor\PointCloudProcessor\PointCloudProcessor.vcxproj" (Build target(s)).

Build succeeded.

Time Elapsed 00:00:07.66
