Build started 4/27/2017 12:53:03 PM.
     1>Project "D:\Users\monst\Desktop\PointCloud-PerspectiveImage-Misalignment\PointCloudProcessor\PointCloudProcessor\PointCloudProcessor.vcxproj" on node 2 (Build target(s)).
     1>InitializeBuildStatus:
         Touching "Debug\PointClo.61039DB1.tlog\unsuccessfulbuild".
       AddCudaCompileDeps:
         C:\Program Files (x86)\Microsoft Visual Studio 14.0\VC\bin\cl.exe /E /nologo /showIncludes /TP /D__CUDACC__ /DWIN32 /D_DEBUG /D_CONSOLE /D_UNICODE /DUNICODE /I"C:\Program Files\NVIDIA GPU Computing Toolkit\CUDA\v8.0\include" /I"C:\Program Files\NVIDIA GPU Computing Toolkit\CUDA\v8.0\bin" /I"C:\Program Files\NVIDIA GPU Computing Toolkit\CUDA\v8.0\include" /I. /FIcuda_runtime.h /c D:\Users\monst\Desktop\PointCloud-PerspectiveImage-Misalignment\PointCloudProcessor\PointCloudProcessor\PointCloudTransformer.cu 
       AddCudaCompilePropsDeps:
       Skipping target "AddCudaCompilePropsDeps" because all output files are up-to-date with respect to the input files.
     1>Project "D:\Users\monst\Desktop\PointCloud-PerspectiveImage-Misalignment\PointCloudProcessor\PointCloudProcessor\PointCloudProcessor.vcxproj" (1) is building "D:\Users\monst\Desktop\PointCloud-PerspectiveImage-Misalignment\PointCloudProcessor\PointCloudProcessor\PointCloudProcessor.vcxproj" (1:2) on node 2 (CudaBuildCore target(s)).
     1>CudaBuildCore:
         Compiling CUDA source file PointCloudTransformer.cu...
         cmd.exe /C "C:\Users\monst\AppData\Local\Temp\tmp06c6cfed112b4ec5860d4d966096652d.cmd"
         "C:\Program Files\NVIDIA GPU Computing Toolkit\CUDA\v8.0\bin\nvcc.exe" -gencode=arch=compute_20,code=\"sm_20,compute_20\" --use-local-env --cl-version 2015 -ccbin "C:\Program Files (x86)\Microsoft Visual Studio 14.0\VC\bin"  -I"C:\Program Files\NVIDIA GPU Computing Toolkit\CUDA\v8.0\include" -I"C:\Program Files\NVIDIA GPU Computing Toolkit\CUDA\v8.0\include"  -G   --keep-dir Debug -maxrregcount=0  --machine 32 --compile -cudart static  -g   -DWIN32 -D_DEBUG -D_CONSOLE -D_UNICODE -DUNICODE -Xcompiler "/EHsc /W3 /nologo /Od /FS /Zi /RTC1 /MDd " -o Debug\PointCloudTransformer.cu.obj "D:\Users\monst\Desktop\PointCloud-PerspectiveImage-Misalignment\PointCloudProcessor\PointCloudProcessor\PointCloudTransformer.cu"
         
         D:\Users\monst\Desktop\PointCloud-PerspectiveImage-Misalignment\PointCloudProcessor\PointCloudProcessor>"C:\Program Files\NVIDIA GPU Computing Toolkit\CUDA\v8.0\bin\nvcc.exe" -gencode=arch=compute_20,code=\"sm_20,compute_20\" --use-local-env --cl-version 2015 -ccbin "C:\Program Files (x86)\Microsoft Visual Studio 14.0\VC\bin"  -I"C:\Program Files\NVIDIA GPU Computing Toolkit\CUDA\v8.0\include" -I"C:\Program Files\NVIDIA GPU Computing Toolkit\CUDA\v8.0\include"  -G   --keep-dir Debug -maxrregcount=0  --machine 32 --compile -cudart static  -g   -DWIN32 -D_DEBUG -D_CONSOLE -D_UNICODE -DUNICODE -Xcompiler "/EHsc /W3 /nologo /Od /FS /Zi /RTC1 /MDd " -o Debug\PointCloudTransformer.cu.obj "D:\Users\monst\Desktop\PointCloud-PerspectiveImage-Misalignment\PointCloudProcessor\PointCloudProcessor\PointCloudTransformer.cu" 
     1>CUDACOMPILE : nvcc warning : The 'compute_20', 'sm_20', and 'sm_21' architectures are deprecated, and may be removed in a future release (Use -Wno-deprecated-gpu-targets to suppress warning).
         PointCloudTransformer.cu
     1>Done Building Project "D:\Users\monst\Desktop\PointCloud-PerspectiveImage-Misalignment\PointCloudProcessor\PointCloudProcessor\PointCloudProcessor.vcxproj" (CudaBuildCore target(s)).
     1>ClCompile:
         All outputs are up-to-date.
       Link:
         C:\Program Files (x86)\Microsoft Visual Studio 14.0\VC\bin\link.exe /ERRORREPORT:PROMPT /OUT:"D:\Users\monst\Desktop\PointCloud-PerspectiveImage-Misalignment\PointCloudProcessor\Debug\PointCloudProcessor.exe" /INCREMENTAL /NOLOGO /LIBPATH:"C:\Program Files\NVIDIA GPU Computing Toolkit\CUDA\v8.0\lib\Win32" kernel32.lib user32.lib gdi32.lib winspool.lib comdlg32.lib advapi32.lib shell32.lib ole32.lib oleaut32.lib uuid.lib odbc32.lib odbccp32.lib /MANIFEST /MANIFESTUAC:"level='asInvoker' uiAccess='false'" /manifest:embed /DEBUG /PDB:"D:\Users\monst\Desktop\PointCloud-PerspectiveImage-Misalignment\PointCloudProcessor\Debug\PointCloudProcessor.pdb" /SUBSYSTEM:CONSOLE /TLBID:1 /DYNAMICBASE /NXCOMPAT /IMPLIB:"D:\Users\monst\Desktop\PointCloud-PerspectiveImage-Misalignment\PointCloudProcessor\Debug\PointCloudProcessor.lib" /MACHINE:X86 Debug\PointCloudTransformer.cu.obj
         Debug\main.obj
         Debug\PointCloudTransformer.obj
     1>PointCloudTransformer.cu.obj : error LNK2019: unresolved external symbol ___cudaRegisterFatBinary@4 referenced in function "void __cdecl __nv_cudaEntityRegisterCallback(void * *)" (?__nv_cudaEntityRegisterCallback@@YAXPAPAX@Z)
     1>PointCloudTransformer.cu.obj : error LNK2019: unresolved external symbol ___cudaUnregisterFatBinary@4 referenced in function "void __cdecl __cudaUnregisterBinaryUtil(void)" (?__cudaUnregisterBinaryUtil@@YAXXZ)
     1>D:\Users\monst\Desktop\PointCloud-PerspectiveImage-Misalignment\PointCloudProcessor\Debug\PointCloudProcessor.exe : fatal error LNK1120: 2 unresolved externals
     1>Done Building Project "D:\Users\monst\Desktop\PointCloud-PerspectiveImage-Misalignment\PointCloudProcessor\PointCloudProcessor\PointCloudProcessor.vcxproj" (Build target(s)) -- FAILED.

Build FAILED.

Time Elapsed 00:00:03.04
